<?xml version="1.0" encoding="UTF-8"?>
<!-- Generated by org.testng.reporters.JUnitReportReporter -->
<testsuite hostname="LAPTOP-AS1U2ANL" failures="0" tests="5" name="testCases.HomePage" time="62.752" errors="0" timestamp="2022-08-05T23:07:10 IST" skipped="0">
  <testcase classname="testCases.HomePage" name="basePage" time="12.481"/>
  <system-out/>
  <testcase classname="testCases.HomePage" name="ProductInCart" time="16.713"/>
  <system-out/>
  <testcase classname="testCases.HomePage" name="ReturnAndOrders" time="8.445"/>
  <system-out/>
  <testcase classname="testCases.HomePage" name="SearchProduct" time="19.400"/>
  <system-out/>
  <testcase classname="testCases.HomePage" name="LogInTest" time="5.713"/>
  <system-out/>
</testsuite> <!-- testCases.HomePage -->
