<?xml version="1.0" encoding="UTF-8"?>
<!-- Generated by org.testng.reporters.JUnitReportReporter -->
<testsuite hostname="LAPTOP-AS1U2ANL" failures="0" tests="2" name="testCases.HomePage" time="13.489" errors="0" timestamp="2022-08-27T14:06:22 IST" skipped="0">
  <testcase classname="testCases.HomePage" name="basePage" time="8.306"/>
  <system-out/>
  <testcase classname="testCases.HomePage" name="LogInTest" time="5.183"/>
  <system-out/>
</testsuite> <!-- testCases.HomePage -->
